<?xml version="1.0" encoding="UTF-8"?>
<!-- Generated by org.testng.reporters.JUnitReportReporter -->
<testsuite skipped="0" hostname="DESKTOP-ERSCFK6" name="testOutput.TC_Adactin_101" tests="1" failures="0" timestamp="27 Sep 2019 06:47:19 GMT" time="23.305" errors="0">
  <testcase name="adactin" time="23.305" classname="testOutput.TC_Adactin_101"/>
</testsuite> <!-- testOutput.TC_Adactin_101 -->
